{"/Users/max/Projects/mele/src/config.js": {"path":"/Users/max/Projects/mele/src/config.js","statementMap":{"0":{"start":{"line":1,"column":11},"end":{"line":1,"column":24}},"1":{"start":{"line":2,"column":13},"end":{"line":2,"column":28}},"2":{"start":{"line":3,"column":27},"end":{"line":3,"column":64}},"3":{"start":{"line":5,"column":29},"end":{"line":5,"column":104}},"4":{"start":{"line":5,"column":67},"end":{"line":5,"column":104}},"5":{"start":{"line":7,"column":25},"end":{"line":10,"column":2}},"6":{"start":{"line":7,"column":59},"end":{"line":10,"column":1}},"7":{"start":{"line":12,"column":0},"end":{"line":27,"column":1}},"8":{"start":{"line":13,"column":23},"end":{"line":13,"column":44}},"9":{"start":{"line":14,"column":26},"end":{"line":14,"column":44}},"10":{"start":{"line":16,"column":4},"end":{"line":18,"column":5}},"11":{"start":{"line":17,"column":8},"end":{"line":17,"column":28}},"12":{"start":{"line":20,"column":19},"end":{"line":20,"column":46}},"13":{"start":{"line":22,"column":4},"end":{"line":26,"column":5}},"14":{"start":{"line":23,"column":8},"end":{"line":23,"column":63}},"15":{"start":{"line":25,"column":8},"end":{"line":25,"column":90}},"16":{"start":{"line":29,"column":0},"end":{"line":41,"column":1}},"17":{"start":{"line":30,"column":26},"end":{"line":30,"column":44}},"18":{"start":{"line":31,"column":17},"end":{"line":31,"column":36}},"19":{"start":{"line":32,"column":24},"end":{"line":32,"column":50}},"20":{"start":{"line":33,"column":24},"end":{"line":33,"column":70}},"21":{"start":{"line":33,"column":43},"end":{"line":33,"column":69}},"22":{"start":{"line":34,"column":21},"end":{"line":34,"column":58}},"23":{"start":{"line":36,"column":4},"end":{"line":40,"column":5}}},"fnMap":{"0":{"name":"(anonymous_0)","decl":{"start":{"line":5,"column":60},"end":{"line":5,"column":61}},"loc":{"start":{"line":5,"column":67},"end":{"line":5,"column":104}},"line":5},"1":{"name":"(anonymous_1)","decl":{"start":{"line":7,"column":52},"end":{"line":7,"column":53}},"loc":{"start":{"line":7,"column":59},"end":{"line":10,"column":1}},"line":7},"2":{"name":"(anonymous_2)","decl":{"start":{"line":12,"column":20},"end":{"line":12,"column":21}},"loc":{"start":{"line":12,"column":26},"end":{"line":27,"column":1}},"line":12},"3":{"name":"(anonymous_3)","decl":{"start":{"line":29,"column":25},"end":{"line":29,"column":26}},"loc":{"start":{"line":29,"column":35},"end":{"line":41,"column":1}},"line":29},"4":{"name":"(anonymous_4)","decl":{"start":{"line":33,"column":36},"end":{"line":33,"column":37}},"loc":{"start":{"line":33,"column":43},"end":{"line":33,"column":69}},"line":33}},"branchMap":{"0":{"loc":{"start":{"line":16,"column":4},"end":{"line":18,"column":5}},"type":"if","locations":[{"start":{"line":16,"column":4},"end":{"line":18,"column":5}},{"start":{"line":16,"column":4},"end":{"line":18,"column":5}}],"line":16}},"s":{"0":4,"1":4,"2":4,"3":4,"4":4,"5":4,"6":7,"7":4,"8":3,"9":3,"10":3,"11":1,"12":2,"13":2,"14":2,"15":1,"16":4,"17":3,"18":3,"19":3,"20":3,"21":5,"22":3,"23":3},"f":{"0":4,"1":7,"2":3,"3":3,"4":5},"b":{"0":[1,2]},"_coverageSchema":"332fd63041d2c1bcb487cc26dd0d5f7d97098a6c","hash":"a84aa5329a92bdd7c9136b222a2eb88793881d09"}
,"/Users/max/Projects/mele/src/context.js": {"path":"/Users/max/Projects/mele/src/context.js","statementMap":{"0":{"start":{"line":1,"column":13},"end":{"line":1,"column":28}},"1":{"start":{"line":2,"column":11},"end":{"line":2,"column":24}},"2":{"start":{"line":4,"column":0},"end":{"line":12,"column":1}},"3":{"start":{"line":5,"column":21},"end":{"line":5,"column":78}},"4":{"start":{"line":7,"column":4},"end":{"line":9,"column":5}},"5":{"start":{"line":8,"column":8},"end":{"line":8,"column":32}},"6":{"start":{"line":11,"column":4},"end":{"line":11,"column":13}}},"fnMap":{"0":{"name":"(anonymous_0)","decl":{"start":{"line":4,"column":21},"end":{"line":4,"column":22}},"loc":{"start":{"line":4,"column":35},"end":{"line":12,"column":1}},"line":4}},"branchMap":{"0":{"loc":{"start":{"line":7,"column":4},"end":{"line":9,"column":5}},"type":"if","locations":[{"start":{"line":7,"column":4},"end":{"line":9,"column":5}},{"start":{"line":7,"column":4},"end":{"line":9,"column":5}}],"line":7}},"s":{"0":3,"1":3,"2":3,"3":3,"4":3,"5":2,"6":1},"f":{"0":3},"b":{"0":[2,1]},"_coverageSchema":"332fd63041d2c1bcb487cc26dd0d5f7d97098a6c","hash":"635a0cbf6cd7b525965fb283fcc355962f570461"}
,"/Users/max/Projects/mele/src/error/InvalidConfigError.js": {"path":"/Users/max/Projects/mele/src/error/InvalidConfigError.js","statementMap":{"0":{"start":{"line":4,"column":8},"end":{"line":4,"column":22}},"1":{"start":{"line":6,"column":8},"end":{"line":8,"column":10}},"2":{"start":{"line":10,"column":8},"end":{"line":10,"column":57}},"3":{"start":{"line":14,"column":0},"end":{"line":14,"column":68}}},"fnMap":{"0":{"name":"(anonymous_0)","decl":{"start":{"line":3,"column":4},"end":{"line":3,"column":5}},"loc":{"start":{"line":3,"column":25},"end":{"line":11,"column":5}},"line":3}},"branchMap":{},"s":{"0":0,"1":0,"2":0,"3":4},"f":{"0":0},"b":{},"_coverageSchema":"332fd63041d2c1bcb487cc26dd0d5f7d97098a6c","hash":"1e1c065a74a6a09dbe9f8635ab53e58fa00855c8"}
}
