TN:
SF:/Users/max/Projects/mele/src/config.js
FN:5,(anonymous_0)
FN:7,(anonymous_1)
FN:12,(anonymous_2)
FN:29,(anonymous_3)
FN:33,(anonymous_4)
FNF:5
FNH:5
FNDA:1,(anonymous_0)
FNDA:5,(anonymous_1)
FNDA:3,(anonymous_2)
FNDA:1,(anonymous_3)
FNDA:1,(anonymous_4)
DA:1,4
DA:2,4
DA:3,4
DA:5,4
DA:7,5
DA:12,4
DA:13,3
DA:14,3
DA:16,3
DA:17,1
DA:20,2
DA:22,2
DA:23,2
DA:25,1
DA:29,4
DA:30,1
DA:31,1
DA:32,1
DA:33,1
DA:34,1
DA:36,1
LF:21
LH:21
BRDA:16,0,0,1
BRDA:16,0,1,2
BRF:2
BRH:2
end_of_record
TN:
SF:/Users/max/Projects/mele/src/error/InvalidConfigError.js
FN:3,(anonymous_0)
FNF:1
FNH:0
FNDA:0,(anonymous_0)
DA:4,0
DA:6,0
DA:10,0
DA:14,4
LF:4
LH:1
BRF:0
BRH:0
end_of_record
