TN:
SF:/Users/max/Projects/mele/src/config.js
FN:5,(anonymous_0)
FN:7,(anonymous_1)
FN:12,(anonymous_2)
FN:29,(anonymous_3)
FN:33,(anonymous_4)
FNF:5
FNH:5
FNDA:4,(anonymous_0)
FNDA:7,(anonymous_1)
FNDA:3,(anonymous_2)
FNDA:3,(anonymous_3)
FNDA:5,(anonymous_4)
DA:1,4
DA:2,4
DA:3,4
DA:5,4
DA:7,7
DA:12,4
DA:13,3
DA:14,3
DA:16,3
DA:17,1
DA:20,2
DA:22,2
DA:23,2
DA:25,1
DA:29,4
DA:30,3
DA:31,3
DA:32,3
DA:33,5
DA:34,3
DA:36,3
LF:21
LH:21
BRDA:16,0,0,1
BRDA:16,0,1,2
BRF:2
BRH:2
end_of_record
TN:
SF:/Users/max/Projects/mele/src/context.js
FN:4,(anonymous_0)
FNF:1
FNH:1
FNDA:3,(anonymous_0)
DA:1,3
DA:2,3
DA:4,3
DA:5,3
DA:7,3
DA:8,2
DA:11,1
LF:7
LH:7
BRDA:7,0,0,2
BRDA:7,0,1,1
BRF:2
BRH:2
end_of_record
TN:
SF:/Users/max/Projects/mele/src/error/InvalidConfigError.js
FN:3,(anonymous_0)
FNF:1
FNH:0
FNDA:0,(anonymous_0)
DA:4,0
DA:6,0
DA:10,0
DA:14,4
LF:4
LH:1
BRF:0
BRH:0
end_of_record
